app/build/intermediates/manifest_merge_blame_file/release/processReleaseMainManifest/manifest-merger-blame-release-report.txt
1<?xml version="1.0" encoding="utf-8"?>
2<manifest xmlns:android="http://schemas.android.com/apk/res/android"
3    package="com.carlex.drive"
4    android:versionCode="1"
5    android:versionName="1.1" >
6
7    <uses-sdk
8        android:minSdkVersion="24"
9        android:targetSdkVersion="34" />
10
11    <uses-permission android:name="android.permission.ACCESS_FINE_LOCATION" />
11-->src/main/AndroidManifest.xml:4:5-79
11-->src/main/AndroidManifest.xml:4:22-76
12    <uses-permission android:name="android.permission.ACCESS_COARSE_LOCATION" />
12-->src/main/AndroidManifest.xml:5:5-81
12-->src/main/AndroidManifest.xml:5:22-78
13    <uses-permission android:name="android.permission.INTERNET" />
13-->src/main/AndroidManifest.xml:6:5-67
13-->src/main/AndroidManifest.xml:6:22-64
14    <uses-permission android:name="android.permission.ACCESS_NETWORK_STATE" />
14-->src/main/AndroidManifest.xml:7:5-79
14-->src/main/AndroidManifest.xml:7:22-76
15    <uses-permission android:name="android.permission.WRITE_EXTERNAL_STORAGE" />
15-->src/main/AndroidManifest.xml:8:5-81
15-->src/main/AndroidManifest.xml:8:22-78
16    <uses-permission android:name="android.permission.READ_EXTERNAL_STORAGE" />
16-->src/main/AndroidManifest.xml:9:5-80
16-->src/main/AndroidManifest.xml:9:22-77
17    <uses-permission android:name="android.permission.FOREGROUND_SERVICE" />
17-->src/main/AndroidManifest.xml:10:5-77
17-->src/main/AndroidManifest.xml:10:22-74
18    <uses-permission android:name="android.permission.SYSTEM_ALERT_WINDOW" />
18-->src/main/AndroidManifest.xml:11:5-78
18-->src/main/AndroidManifest.xml:11:22-75
19    <uses-permission android:name="android.permission.FOREGROUND_SERVICE_LOCATION" />
19-->src/main/AndroidManifest.xml:12:5-86
19-->src/main/AndroidManifest.xml:12:22-83
20    <uses-permission android:name="android.permission.POST_NOTIFICATIONS" />
20-->src/main/AndroidManifest.xml:13:5-77
20-->src/main/AndroidManifest.xml:13:22-74
21    <uses-permission android:name="android.permission.ACCESS_BACKGROUND_LOCATION" />
21-->src/main/AndroidManifest.xml:14:5-84
21-->src/main/AndroidManifest.xml:14:22-82
22
23    <uses-feature
23-->[com.google.android.gms:play-services-maps:18.2.0] AndroidManifest.xml:26:5-28:35
24        android:glEsVersion="0x00020000"
24-->[com.google.android.gms:play-services-maps:18.2.0] AndroidManifest.xml:27:9-41
25        android:required="true" />
25-->[com.google.android.gms:play-services-maps:18.2.0] AndroidManifest.xml:28:9-32
26
27    <queries>
27-->[com.google.android.gms:play-services-maps:18.2.0] AndroidManifest.xml:30:5-34:15
28
29        <!-- Needs to be explicitly declared on Android R+ -->
30        <package android:name="com.google.android.apps.maps" />
30-->[com.google.android.gms:play-services-maps:18.2.0] AndroidManifest.xml:33:9-64
30-->[com.google.android.gms:play-services-maps:18.2.0] AndroidManifest.xml:33:18-61
31    </queries>
32
33    <permission
33-->[androidx.core:core:1.13.1] AndroidManifest.xml:22:5-24:47
34        android:name="com.carlex.drive.DYNAMIC_RECEIVER_NOT_EXPORTED_PERMISSION"
34-->[androidx.core:core:1.13.1] AndroidManifest.xml:23:9-81
35        android:protectionLevel="signature" />
35-->[androidx.core:core:1.13.1] AndroidManifest.xml:24:9-44
36
37    <uses-permission android:name="com.carlex.drive.DYNAMIC_RECEIVER_NOT_EXPORTED_PERMISSION" />
37-->[androidx.core:core:1.13.1] AndroidManifest.xml:26:5-97
37-->[androidx.core:core:1.13.1] AndroidManifest.xml:26:22-94
38
39    <application
39-->src/main/AndroidManifest.xml:17:5-108:19
40        android:name="com.carlex.drive.MyApp"
40-->src/main/AndroidManifest.xml:22:6-27
41        android:allowBackup="true"
41-->src/main/AndroidManifest.xml:18:9-35
42        android:appComponentFactory="androidx.core.app.CoreComponentFactory"
42-->src/main/AndroidManifest.xml:25:6-74
43        android:extractNativeLibs="false"
44        android:icon="@drawable/ico"
44-->src/main/AndroidManifest.xml:19:9-37
45        android:label="@string/app_name"
45-->src/main/AndroidManifest.xml:20:9-41
46        android:resizeableActivity="true"
46-->src/main/AndroidManifest.xml:23:9-42
47        android:theme="@style/AppTheme" >
47-->src/main/AndroidManifest.xml:21:6-37
48        <activity
48-->src/main/AndroidManifest.xml:27:2-40:20
49            android:name="com.carlex.drive.MainActivity"
49-->src/main/AndroidManifest.xml:27:12-40
50            android:exported="true"
50-->src/main/AndroidManifest.xml:29:4-27
51            android:theme="@style/Theme.AppCompat" >
51-->src/main/AndroidManifest.xml:28:3-41
52            <intent-filter>
52-->src/main/AndroidManifest.xml:30:3-33:19
53                <action android:name="android.intent.action.MAIN" />
53-->src/main/AndroidManifest.xml:31:4-56
53-->src/main/AndroidManifest.xml:31:12-53
54
55                <category android:name="android.intent.category.LAUNCHER" />
55-->src/main/AndroidManifest.xml:32:4-64
55-->src/main/AndroidManifest.xml:32:14-61
56            </intent-filter>
57            <intent-filter>
57-->src/main/AndroidManifest.xml:34:3-39:19
58                <action android:name="android.intent.action.VIEW" />
58-->src/main/AndroidManifest.xml:35:4-56
58-->src/main/AndroidManifest.xml:35:12-53
59
60                <category android:name="android.intent.category.DEFAULT" />
60-->src/main/AndroidManifest.xml:36:25-84
60-->src/main/AndroidManifest.xml:36:35-81
61                <category android:name="android.intent.category.BROWSABLE" />
61-->src/main/AndroidManifest.xml:37:4-65
61-->src/main/AndroidManifest.xml:37:14-62
62
63                <data android:scheme="waze" />
63-->src/main/AndroidManifest.xml:38:4-34
63-->src/main/AndroidManifest.xml:38:10-31
64            </intent-filter>
65        </activity>
66
67        <meta-data
67-->src/main/AndroidManifest.xml:42:2-44:36
68            android:name="xposedmodule"
68-->src/main/AndroidManifest.xml:43:13-40
69            android:value="true" />
69-->src/main/AndroidManifest.xml:44:13-33
70        <meta-data
70-->src/main/AndroidManifest.xml:45:9-47:103
71            android:name="xposeddescription"
71-->src/main/AndroidManifest.xml:46:13-45
72            android:value="Fake Gps, and auto drive, simulate gnss and wls locatin, very realistic" />
72-->src/main/AndroidManifest.xml:47:13-100
73        <meta-data
73-->src/main/AndroidManifest.xml:48:9-51:14
74            android:name="xposedminversion"
74-->src/main/AndroidManifest.xml:49:13-44
75            android:value="53" >
75-->src/main/AndroidManifest.xml:50:3-21
76        </meta-data>
77        <meta-data
77-->src/main/AndroidManifest.xml:52:2-54:30
78            android:name="xposedname"
78-->src/main/AndroidManifest.xml:53:6-31
79            android:value="Drive" />
79-->src/main/AndroidManifest.xml:54:6-27
80        <meta-data
80-->src/main/AndroidManifest.xml:55:2-57:41
81            android:name="xposedpackage"
81-->src/main/AndroidManifest.xml:56:6-34
82            android:value="com.carlex.drive" />
82-->src/main/AndroidManifest.xml:57:6-38
83        <meta-data
83-->src/main/AndroidManifest.xml:58:2-60:28
84            android:name="xposedversion"
84-->src/main/AndroidManifest.xml:59:6-34
85            android:value="1.0" />
85-->src/main/AndroidManifest.xml:60:6-25
86        <meta-data
86-->src/main/AndroidManifest.xml:61:2-63:31
87            android:name="xposedauthor"
87-->src/main/AndroidManifest.xml:62:6-33
88            android:value="Carlex" />
88-->src/main/AndroidManifest.xml:63:6-28
89        <meta-data
89-->src/main/AndroidManifest.xml:64:2-66:53
90            android:name="xposeddonate"
90-->src/main/AndroidManifest.xml:65:6-33
91            android:value="https://www.paypal.me/carlex" />
91-->src/main/AndroidManifest.xml:66:6-50
92        <meta-data
92-->src/main/AndroidManifest.xml:67:2-69:52
93            android:name="xposedhomepage"
93-->src/main/AndroidManifest.xml:68:3-32
94            android:value="http://www.github.com/carlex22" />
94-->src/main/AndroidManifest.xml:69:3-49
95        <meta-data
95-->src/main/AndroidManifest.xml:73:2-75:61
96            android:name="com.google.android.geo.API_KEY"
96-->src/main/AndroidManifest.xml:74:3-48
97            android:value="AIzaSyC4UVRx10NmwhLT8ve0HnOedFbXGxk4piI" />
97-->src/main/AndroidManifest.xml:75:3-58
98
99        <!-- AIzaSyCgefVFOWLWzW4K6BngQoQgdWELwm2SlBI" / -->
100
101        <meta-data
101-->src/main/AndroidManifest.xml:79:2-81:58
102            android:name="com.google.android.gms.version"
102-->src/main/AndroidManifest.xml:80:3-48
103            android:value="@integer/google_play_services_version" />
103-->src/main/AndroidManifest.xml:81:3-56
104
105        <!-- Suas meta-dados e atividades aqui -->
106
107        <service
107-->src/main/AndroidManifest.xml:86:2-95:12
108            android:name="com.carlex.drive.FakeLocationService1"
108-->src/main/AndroidManifest.xml:87:6-42
109            android:enabled="true"
109-->src/main/AndroidManifest.xml:88:6-28
110            android:exported="true"
110-->src/main/AndroidManifest.xml:89:6-29
111            android:foregroundServiceType="location"
111-->src/main/AndroidManifest.xml:90:2-42
112            android:permission="android.permission.FOREGROUND_SERVICE" >
112-->src/main/AndroidManifest.xml:91:6-64
113            <intent-filter>
113-->src/main/AndroidManifest.xml:92:6-94:22
114                <action android:name="com.carlex.drive.FakeLocationService1" />
114-->src/main/AndroidManifest.xml:93:10-72
114-->src/main/AndroidManifest.xml:93:18-70
115            </intent-filter>
116        </service>
117        <service
117-->src/main/AndroidManifest.xml:97:2-106:12
118            android:name="com.carlex.drive.OverlayService"
118-->src/main/AndroidManifest.xml:98:6-36
119            android:enabled="true"
119-->src/main/AndroidManifest.xml:99:6-28
120            android:exported="true"
120-->src/main/AndroidManifest.xml:100:6-29
121            android:foregroundServiceType="location"
121-->src/main/AndroidManifest.xml:101:6-46
122            android:permission="android.permission.FOREGROUND_SERVICE" >
122-->src/main/AndroidManifest.xml:102:6-64
123            <intent-filter>
123-->src/main/AndroidManifest.xml:103:6-105:23
124                <action android:name="com.carlex.drive.OverlayService" />
124-->src/main/AndroidManifest.xml:104:10-66
124-->src/main/AndroidManifest.xml:104:18-64
125            </intent-filter>
126        </service>
127
128        <!-- Needs to be explicitly declared on P+ -->
129        <uses-library
129-->[com.google.android.gms:play-services-maps:18.2.0] AndroidManifest.xml:39:9-41:40
130            android:name="org.apache.http.legacy"
130-->[com.google.android.gms:play-services-maps:18.2.0] AndroidManifest.xml:40:13-50
131            android:required="false" />
131-->[com.google.android.gms:play-services-maps:18.2.0] AndroidManifest.xml:41:13-37
132
133        <activity
133-->[com.google.android.gms:play-services-base:18.3.0] AndroidManifest.xml:20:9-22:45
134            android:name="com.google.android.gms.common.api.GoogleApiActivity"
134-->[com.google.android.gms:play-services-base:18.3.0] AndroidManifest.xml:20:19-85
135            android:exported="false"
135-->[com.google.android.gms:play-services-base:18.3.0] AndroidManifest.xml:22:19-43
136            android:theme="@android:style/Theme.Translucent.NoTitleBar" />
136-->[com.google.android.gms:play-services-base:18.3.0] AndroidManifest.xml:21:19-78
137
138        <provider
138-->[androidx.emoji2:emoji2:1.2.0] AndroidManifest.xml:24:9-32:20
139            android:name="androidx.startup.InitializationProvider"
139-->[androidx.emoji2:emoji2:1.2.0] AndroidManifest.xml:25:13-67
140            android:authorities="com.carlex.drive.androidx-startup"
140-->[androidx.emoji2:emoji2:1.2.0] AndroidManifest.xml:26:13-68
141            android:exported="false" >
141-->[androidx.emoji2:emoji2:1.2.0] AndroidManifest.xml:27:13-37
142            <meta-data
142-->[androidx.emoji2:emoji2:1.2.0] AndroidManifest.xml:29:13-31:52
143                android:name="androidx.emoji2.text.EmojiCompatInitializer"
143-->[androidx.emoji2:emoji2:1.2.0] AndroidManifest.xml:30:17-75
144                android:value="androidx.startup" />
144-->[androidx.emoji2:emoji2:1.2.0] AndroidManifest.xml:31:17-49
145            <meta-data
145-->[androidx.lifecycle:lifecycle-process:2.6.2] AndroidManifest.xml:29:13-31:52
146                android:name="androidx.lifecycle.ProcessLifecycleInitializer"
146-->[androidx.lifecycle:lifecycle-process:2.6.2] AndroidManifest.xml:30:17-78
147                android:value="androidx.startup" />
147-->[androidx.lifecycle:lifecycle-process:2.6.2] AndroidManifest.xml:31:17-49
148            <meta-data
148-->[androidx.profileinstaller:profileinstaller:1.3.0] AndroidManifest.xml:29:13-31:52
149                android:name="androidx.profileinstaller.ProfileInstallerInitializer"
149-->[androidx.profileinstaller:profileinstaller:1.3.0] AndroidManifest.xml:30:17-85
150                android:value="androidx.startup" />
150-->[androidx.profileinstaller:profileinstaller:1.3.0] AndroidManifest.xml:31:17-49
151        </provider>
152
153        <service
153-->[androidx.room:room-runtime:2.6.1] AndroidManifest.xml:24:9-28:63
154            android:name="androidx.room.MultiInstanceInvalidationService"
154-->[androidx.room:room-runtime:2.6.1] AndroidManifest.xml:25:13-74
155            android:directBootAware="true"
155-->[androidx.room:room-runtime:2.6.1] AndroidManifest.xml:26:13-43
156            android:exported="false" />
156-->[androidx.room:room-runtime:2.6.1] AndroidManifest.xml:27:13-37
157
158        <receiver
158-->[androidx.profileinstaller:profileinstaller:1.3.0] AndroidManifest.xml:34:9-52:20
159            android:name="androidx.profileinstaller.ProfileInstallReceiver"
159-->[androidx.profileinstaller:profileinstaller:1.3.0] AndroidManifest.xml:35:13-76
160            android:directBootAware="false"
160-->[androidx.profileinstaller:profileinstaller:1.3.0] AndroidManifest.xml:36:13-44
161            android:enabled="true"
161-->[androidx.profileinstaller:profileinstaller:1.3.0] AndroidManifest.xml:37:13-35
162            android:exported="true"
162-->[androidx.profileinstaller:profileinstaller:1.3.0] AndroidManifest.xml:38:13-36
163            android:permission="android.permission.DUMP" >
163-->[androidx.profileinstaller:profileinstaller:1.3.0] AndroidManifest.xml:39:13-57
164            <intent-filter>
164-->[androidx.profileinstaller:profileinstaller:1.3.0] AndroidManifest.xml:40:13-42:29
165                <action android:name="androidx.profileinstaller.action.INSTALL_PROFILE" />
165-->[androidx.profileinstaller:profileinstaller:1.3.0] AndroidManifest.xml:41:17-91
165-->[androidx.profileinstaller:profileinstaller:1.3.0] AndroidManifest.xml:41:25-88
166            </intent-filter>
167            <intent-filter>
167-->[androidx.profileinstaller:profileinstaller:1.3.0] AndroidManifest.xml:43:13-45:29
168                <action android:name="androidx.profileinstaller.action.SKIP_FILE" />
168-->[androidx.profileinstaller:profileinstaller:1.3.0] AndroidManifest.xml:44:17-85
168-->[androidx.profileinstaller:profileinstaller:1.3.0] AndroidManifest.xml:44:25-82
169            </intent-filter>
170            <intent-filter>
170-->[androidx.profileinstaller:profileinstaller:1.3.0] AndroidManifest.xml:46:13-48:29
171                <action android:name="androidx.profileinstaller.action.SAVE_PROFILE" />
171-->[androidx.profileinstaller:profileinstaller:1.3.0] AndroidManifest.xml:47:17-88
171-->[androidx.profileinstaller:profileinstaller:1.3.0] AndroidManifest.xml:47:25-85
172            </intent-filter>
173            <intent-filter>
173-->[androidx.profileinstaller:profileinstaller:1.3.0] AndroidManifest.xml:49:13-51:29
174                <action android:name="androidx.profileinstaller.action.BENCHMARK_OPERATION" />
174-->[androidx.profileinstaller:profileinstaller:1.3.0] AndroidManifest.xml:50:17-95
174-->[androidx.profileinstaller:profileinstaller:1.3.0] AndroidManifest.xml:50:25-92
175            </intent-filter>
176        </receiver>
177    </application>
178
179</manifest>